Copyright 1986-2017 Xilinx, Inc. All Rights Reserved.
-----------------------------------------------------------------------------------------------------------------------------------------------
| Tool Version : Vivado v.2017.4 (win64) Build 2086221 Fri Dec 15 20:55:39 MST 2017
| Date         : Fri Mar  9 12:13:48 2018
| Host         : Dell-C9Y0202 running 64-bit Service Pack 1  (build 7601)
| Command      : report_timing_summary -max_paths 10 -file cw2_timing_summary_routed.rpt -rpx cw2_timing_summary_routed.rpx -warn_on_violation
| Design       : cw2
| Device       : 7z010-clg400
| Speed File   : -1  PRODUCTION 1.11 2014-09-11
-----------------------------------------------------------------------------------------------------------------------------------------------

Timing Summary Report

------------------------------------------------------------------------------------------------
| Timer Settings
| --------------
------------------------------------------------------------------------------------------------

  Enable Multi Corner Analysis               :  Yes
  Enable Pessimism Removal                   :  Yes
  Pessimism Removal Resolution               :  Nearest Common Node
  Enable Input Delay Default Clock           :  No
  Enable Preset / Clear Arcs                 :  No
  Disable Flight Delays                      :  No
  Ignore I/O Paths                           :  No
  Timing Early Launch at Borrowing Latches   :  false

  Corner  Analyze    Analyze    
  Name    Max Paths  Min Paths  
  ------  ---------  ---------  
  Slow    Yes        Yes        
  Fast    Yes        Yes        



check_timing report

Table of Contents
-----------------
1. checking no_clock
2. checking constant_clock
3. checking pulse_width_clock
4. checking unconstrained_internal_endpoints
5. checking no_input_delay
6. checking no_output_delay
7. checking multiple_clock
8. checking generated_clocks
9. checking loops
10. checking partial_input_delay
11. checking partial_output_delay
12. checking latch_loops

1. checking no_clock
--------------------
 There are 0 register/latch pins with no clock.


2. checking constant_clock
--------------------------
 There are 0 register/latch pins with constant_clock.


3. checking pulse_width_clock
-----------------------------
 There are 0 register/latch pins which need pulse_width check


4. checking unconstrained_internal_endpoints
--------------------------------------------
 There are 0 pins that are not constrained for maximum delay.

 There are 0 pins that are not constrained for maximum delay due to constant clock.


5. checking no_input_delay
--------------------------
 There are 8 input ports with no input delay specified. (HIGH)

 There are 0 input ports with no input delay but user has a false path constraint.


6. checking no_output_delay
---------------------------
 There are 8 ports with no output delay specified. (HIGH)

 There are 0 ports with no output delay but user has a false path constraint

 There are 0 ports with no output delay but with a timing clock defined on it or propagating through it


7. checking multiple_clock
--------------------------
 There are 0 register/latch pins with multiple clocks.


8. checking generated_clocks
----------------------------
 There are 0 generated clocks that are not connected to a clock source.


9. checking loops
-----------------
 There are 0 combinational loops in the design.


10. checking partial_input_delay
--------------------------------
 There are 0 input ports with partial input delay specified.


11. checking partial_output_delay
---------------------------------
 There are 0 ports with partial output delay specified.


12. checking latch_loops
------------------------
 There are 0 combinational latch loops in the design through latch input



------------------------------------------------------------------------------------------------
| Design Timing Summary
| ---------------------
------------------------------------------------------------------------------------------------

    WNS(ns)      TNS(ns)  TNS Failing Endpoints  TNS Total Endpoints      WHS(ns)      THS(ns)  THS Failing Endpoints  THS Total Endpoints     WPWS(ns)     TPWS(ns)  TPWS Failing Endpoints  TPWS Total Endpoints  
    -------      -------  ---------------------  -------------------      -------      -------  ---------------------  -------------------     --------     --------  ----------------------  --------------------  
      5.498        0.000                      0                    3        0.239        0.000                      0                    3        3.500        0.000                       0                     4  


All user specified timing constraints are met.


------------------------------------------------------------------------------------------------
| Clock Summary
| -------------
------------------------------------------------------------------------------------------------

Clock        Waveform(ns)         Period(ns)      Frequency(MHz)
-----        ------------         ----------      --------------
sys_clk_pin  {0.000 4.000}        8.000           125.000         


------------------------------------------------------------------------------------------------
| Intra Clock Table
| -----------------
------------------------------------------------------------------------------------------------

Clock             WNS(ns)      TNS(ns)  TNS Failing Endpoints  TNS Total Endpoints      WHS(ns)      THS(ns)  THS Failing Endpoints  THS Total Endpoints     WPWS(ns)     TPWS(ns)  TPWS Failing Endpoints  TPWS Total Endpoints  
-----             -------      -------  ---------------------  -------------------      -------      -------  ---------------------  -------------------     --------     --------  ----------------------  --------------------  
sys_clk_pin         5.498        0.000                      0                    3        0.239        0.000                      0                    3        3.500        0.000                       0                     4  


------------------------------------------------------------------------------------------------
| Inter Clock Table
| -----------------
------------------------------------------------------------------------------------------------

From Clock    To Clock          WNS(ns)      TNS(ns)  TNS Failing Endpoints  TNS Total Endpoints      WHS(ns)      THS(ns)  THS Failing Endpoints  THS Total Endpoints  
----------    --------          -------      -------  ---------------------  -------------------      -------      -------  ---------------------  -------------------  


------------------------------------------------------------------------------------------------
| Other Path Groups Table
| -----------------------
------------------------------------------------------------------------------------------------

Path Group    From Clock    To Clock          WNS(ns)      TNS(ns)  TNS Failing Endpoints  TNS Total Endpoints      WHS(ns)      THS(ns)  THS Failing Endpoints  THS Total Endpoints  
----------    ----------    --------          -------      -------  ---------------------  -------------------      -------      -------  ---------------------  -------------------  


------------------------------------------------------------------------------------------------
| Timing Details
| --------------
------------------------------------------------------------------------------------------------


---------------------------------------------------------------------------------------------------
From Clock:  sys_clk_pin
  To Clock:  sys_clk_pin

Setup :            0  Failing Endpoints,  Worst Slack        5.498ns,  Total Violation        0.000ns
Hold  :            0  Failing Endpoints,  Worst Slack        0.239ns,  Total Violation        0.000ns
PW    :            0  Failing Endpoints,  Worst Slack        3.500ns,  Total Violation        0.000ns
---------------------------------------------------------------------------------------------------


Max Delay Paths
--------------------------------------------------------------------------------------
Slack (MET) :             5.498ns  (required time - arrival time)
  Source:                 FSM_sequential_FSM_KEY_LCD_CURRENT_reg[2]/C
                            (rising edge-triggered cell FDRE clocked by sys_clk_pin  {rise@0.000ns fall@4.000ns period=8.000ns})
  Destination:            FSM_sequential_FSM_KEY_LCD_CURRENT_reg[2]/D
                            (rising edge-triggered cell FDRE clocked by sys_clk_pin  {rise@0.000ns fall@4.000ns period=8.000ns})
  Path Group:             sys_clk_pin
  Path Type:              Setup (Max at Slow Process Corner)
  Requirement:            8.000ns  (sys_clk_pin rise@8.000ns - sys_clk_pin rise@0.000ns)
  Data Path Delay:        2.543ns  (logic 0.766ns (30.120%)  route 1.777ns (69.880%))
  Logic Levels:           2  (LUT6=2)
  Clock Path Skew:        0.000ns (DCD - SCD + CPR)
    Destination Clock Delay (DCD):    4.965ns = ( 12.965 - 8.000 ) 
    Source Clock Delay      (SCD):    5.418ns
    Clock Pessimism Removal (CPR):    0.453ns
  Clock Uncertainty:      0.035ns  ((TSJ^2 + TIJ^2)^1/2 + DJ) / 2 + PE
    Total System Jitter     (TSJ):    0.071ns
    Total Input Jitter      (TIJ):    0.000ns
    Discrete Jitter          (DJ):    0.000ns
    Phase Error              (PE):    0.000ns

    Location             Delay type                Incr(ns)  Path(ns)    Netlist Resource(s)
  -------------------------------------------------------------------    -------------------
                         (clock sys_clk_pin rise edge)
                                                      0.000     0.000 r  
    L16                                               0.000     0.000 r  CLK (IN)
                         net (fo=0)                   0.000     0.000    CLK
    L16                  IBUF (Prop_ibuf_I_O)         1.491     1.491 r  CLK_IBUF_inst/O
                         net (fo=1, routed)           2.076     3.567    CLK_IBUF
    BUFGCTRL_X0Y16       BUFG (Prop_bufg_I_O)         0.101     3.668 r  CLK_IBUF_BUFG_inst/O
                         net (fo=3, routed)           1.750     5.418    CLK_IBUF_BUFG
    SLICE_X42Y34         FDRE                                         r  FSM_sequential_FSM_KEY_LCD_CURRENT_reg[2]/C
  -------------------------------------------------------------------    -------------------
    SLICE_X42Y34         FDRE (Prop_fdre_C_Q)         0.518     5.936 r  FSM_sequential_FSM_KEY_LCD_CURRENT_reg[2]/Q
                         net (fo=10, routed)          1.108     7.044    FSM_KEY_LCD_CURRENT[2]
    SLICE_X42Y34         LUT6 (Prop_lut6_I5_O)        0.124     7.168 r  FSM_sequential_FSM_KEY_LCD_CURRENT[2]_i_4/O
                         net (fo=1, routed)           0.669     7.837    FSM_sequential_FSM_KEY_LCD_CURRENT[2]_i_4_n_0
    SLICE_X42Y34         LUT6 (Prop_lut6_I4_O)        0.124     7.961 r  FSM_sequential_FSM_KEY_LCD_CURRENT[2]_i_1/O
                         net (fo=1, routed)           0.000     7.961    FSM_sequential_FSM_KEY_LCD_CURRENT[2]_i_1_n_0
    SLICE_X42Y34         FDRE                                         r  FSM_sequential_FSM_KEY_LCD_CURRENT_reg[2]/D
  -------------------------------------------------------------------    -------------------

                         (clock sys_clk_pin rise edge)
                                                      8.000     8.000 r  
    L16                                               0.000     8.000 r  CLK (IN)
                         net (fo=0)                   0.000     8.000    CLK
    L16                  IBUF (Prop_ibuf_I_O)         1.421     9.421 r  CLK_IBUF_inst/O
                         net (fo=1, routed)           1.880    11.301    CLK_IBUF
    BUFGCTRL_X0Y16       BUFG (Prop_bufg_I_O)         0.091    11.392 r  CLK_IBUF_BUFG_inst/O
                         net (fo=3, routed)           1.573    12.965    CLK_IBUF_BUFG
    SLICE_X42Y34         FDRE                                         r  FSM_sequential_FSM_KEY_LCD_CURRENT_reg[2]/C
                         clock pessimism              0.453    13.418    
                         clock uncertainty           -0.035    13.383    
    SLICE_X42Y34         FDRE (Setup_fdre_C_D)        0.077    13.460    FSM_sequential_FSM_KEY_LCD_CURRENT_reg[2]
  -------------------------------------------------------------------
                         required time                         13.460    
                         arrival time                          -7.961    
  -------------------------------------------------------------------
                         slack                                  5.498    

Slack (MET) :             5.870ns  (required time - arrival time)
  Source:                 FSM_sequential_FSM_KEY_LCD_CURRENT_reg[1]/C
                            (rising edge-triggered cell FDRE clocked by sys_clk_pin  {rise@0.000ns fall@4.000ns period=8.000ns})
  Destination:            FSM_sequential_FSM_KEY_LCD_CURRENT_reg[0]/D
                            (rising edge-triggered cell FDRE clocked by sys_clk_pin  {rise@0.000ns fall@4.000ns period=8.000ns})
  Path Group:             sys_clk_pin
  Path Type:              Setup (Max at Slow Process Corner)
  Requirement:            8.000ns  (sys_clk_pin rise@8.000ns - sys_clk_pin rise@0.000ns)
  Data Path Delay:        2.104ns  (logic 0.704ns (33.461%)  route 1.400ns (66.539%))
  Logic Levels:           2  (LUT5=1 LUT6=1)
  Clock Path Skew:        -0.022ns (DCD - SCD + CPR)
    Destination Clock Delay (DCD):    4.965ns = ( 12.965 - 8.000 ) 
    Source Clock Delay      (SCD):    5.418ns
    Clock Pessimism Removal (CPR):    0.431ns
  Clock Uncertainty:      0.035ns  ((TSJ^2 + TIJ^2)^1/2 + DJ) / 2 + PE
    Total System Jitter     (TSJ):    0.071ns
    Total Input Jitter      (TIJ):    0.000ns
    Discrete Jitter          (DJ):    0.000ns
    Phase Error              (PE):    0.000ns

    Location             Delay type                Incr(ns)  Path(ns)    Netlist Resource(s)
  -------------------------------------------------------------------    -------------------
                         (clock sys_clk_pin rise edge)
                                                      0.000     0.000 r  
    L16                                               0.000     0.000 r  CLK (IN)
                         net (fo=0)                   0.000     0.000    CLK
    L16                  IBUF (Prop_ibuf_I_O)         1.491     1.491 r  CLK_IBUF_inst/O
                         net (fo=1, routed)           2.076     3.567    CLK_IBUF
    BUFGCTRL_X0Y16       BUFG (Prop_bufg_I_O)         0.101     3.668 r  CLK_IBUF_BUFG_inst/O
                         net (fo=3, routed)           1.750     5.418    CLK_IBUF_BUFG
    SLICE_X40Y34         FDRE                                         r  FSM_sequential_FSM_KEY_LCD_CURRENT_reg[1]/C
  -------------------------------------------------------------------    -------------------
    SLICE_X40Y34         FDRE (Prop_fdre_C_Q)         0.456     5.874 r  FSM_sequential_FSM_KEY_LCD_CURRENT_reg[1]/Q
                         net (fo=9, routed)           0.684     6.558    FSM_KEY_LCD_CURRENT[1]
    SLICE_X40Y34         LUT6 (Prop_lut6_I0_O)        0.124     6.682 r  FSM_sequential_FSM_KEY_LCD_CURRENT[0]_i_3/O
                         net (fo=1, routed)           0.716     7.398    FSM_sequential_FSM_KEY_LCD_CURRENT[0]_i_3_n_0
    SLICE_X41Y34         LUT5 (Prop_lut5_I2_O)        0.124     7.522 r  FSM_sequential_FSM_KEY_LCD_CURRENT[0]_i_1/O
                         net (fo=1, routed)           0.000     7.522    FSM_sequential_FSM_KEY_LCD_CURRENT[0]_i_1_n_0
    SLICE_X41Y34         FDRE                                         r  FSM_sequential_FSM_KEY_LCD_CURRENT_reg[0]/D
  -------------------------------------------------------------------    -------------------

                         (clock sys_clk_pin rise edge)
                                                      8.000     8.000 r  
    L16                                               0.000     8.000 r  CLK (IN)
                         net (fo=0)                   0.000     8.000    CLK
    L16                  IBUF (Prop_ibuf_I_O)         1.421     9.421 r  CLK_IBUF_inst/O
                         net (fo=1, routed)           1.880    11.301    CLK_IBUF
    BUFGCTRL_X0Y16       BUFG (Prop_bufg_I_O)         0.091    11.392 r  CLK_IBUF_BUFG_inst/O
                         net (fo=3, routed)           1.573    12.965    CLK_IBUF_BUFG
    SLICE_X41Y34         FDRE                                         r  FSM_sequential_FSM_KEY_LCD_CURRENT_reg[0]/C
                         clock pessimism              0.431    13.396    
                         clock uncertainty           -0.035    13.361    
    SLICE_X41Y34         FDRE (Setup_fdre_C_D)        0.031    13.392    FSM_sequential_FSM_KEY_LCD_CURRENT_reg[0]
  -------------------------------------------------------------------
                         required time                         13.392    
                         arrival time                          -7.522    
  -------------------------------------------------------------------
                         slack                                  5.870    

Slack (MET) :             6.226ns  (required time - arrival time)
  Source:                 FSM_sequential_FSM_KEY_LCD_CURRENT_reg[2]/C
                            (rising edge-triggered cell FDRE clocked by sys_clk_pin  {rise@0.000ns fall@4.000ns period=8.000ns})
  Destination:            FSM_sequential_FSM_KEY_LCD_CURRENT_reg[1]/D
                            (rising edge-triggered cell FDRE clocked by sys_clk_pin  {rise@0.000ns fall@4.000ns period=8.000ns})
  Path Group:             sys_clk_pin
  Path Type:              Setup (Max at Slow Process Corner)
  Requirement:            8.000ns  (sys_clk_pin rise@8.000ns - sys_clk_pin rise@0.000ns)
  Data Path Delay:        1.744ns  (logic 0.766ns (43.933%)  route 0.978ns (56.067%))
  Logic Levels:           2  (LUT6=2)
  Clock Path Skew:        -0.024ns (DCD - SCD + CPR)
    Destination Clock Delay (DCD):    4.965ns = ( 12.965 - 8.000 ) 
    Source Clock Delay      (SCD):    5.418ns
    Clock Pessimism Removal (CPR):    0.429ns
  Clock Uncertainty:      0.035ns  ((TSJ^2 + TIJ^2)^1/2 + DJ) / 2 + PE
    Total System Jitter     (TSJ):    0.071ns
    Total Input Jitter      (TIJ):    0.000ns
    Discrete Jitter          (DJ):    0.000ns
    Phase Error              (PE):    0.000ns

    Location             Delay type                Incr(ns)  Path(ns)    Netlist Resource(s)
  -------------------------------------------------------------------    -------------------
                         (clock sys_clk_pin rise edge)
                                                      0.000     0.000 r  
    L16                                               0.000     0.000 r  CLK (IN)
                         net (fo=0)                   0.000     0.000    CLK
    L16                  IBUF (Prop_ibuf_I_O)         1.491     1.491 r  CLK_IBUF_inst/O
                         net (fo=1, routed)           2.076     3.567    CLK_IBUF
    BUFGCTRL_X0Y16       BUFG (Prop_bufg_I_O)         0.101     3.668 r  CLK_IBUF_BUFG_inst/O
                         net (fo=3, routed)           1.750     5.418    CLK_IBUF_BUFG
    SLICE_X42Y34         FDRE                                         r  FSM_sequential_FSM_KEY_LCD_CURRENT_reg[2]/C
  -------------------------------------------------------------------    -------------------
    SLICE_X42Y34         FDRE (Prop_fdre_C_Q)         0.518     5.936 r  FSM_sequential_FSM_KEY_LCD_CURRENT_reg[2]/Q
                         net (fo=10, routed)          0.816     6.752    FSM_KEY_LCD_CURRENT[2]
    SLICE_X40Y34         LUT6 (Prop_lut6_I3_O)        0.124     6.876 r  FSM_sequential_FSM_KEY_LCD_CURRENT[1]_i_3/O
                         net (fo=1, routed)           0.162     7.038    FSM_sequential_FSM_KEY_LCD_CURRENT[1]_i_3_n_0
    SLICE_X40Y34         LUT6 (Prop_lut6_I4_O)        0.124     7.162 r  FSM_sequential_FSM_KEY_LCD_CURRENT[1]_i_1/O
                         net (fo=1, routed)           0.000     7.162    FSM_sequential_FSM_KEY_LCD_CURRENT[1]_i_1_n_0
    SLICE_X40Y34         FDRE                                         r  FSM_sequential_FSM_KEY_LCD_CURRENT_reg[1]/D
  -------------------------------------------------------------------    -------------------

                         (clock sys_clk_pin rise edge)
                                                      8.000     8.000 r  
    L16                                               0.000     8.000 r  CLK (IN)
                         net (fo=0)                   0.000     8.000    CLK
    L16                  IBUF (Prop_ibuf_I_O)         1.421     9.421 r  CLK_IBUF_inst/O
                         net (fo=1, routed)           1.880    11.301    CLK_IBUF
    BUFGCTRL_X0Y16       BUFG (Prop_bufg_I_O)         0.091    11.392 r  CLK_IBUF_BUFG_inst/O
                         net (fo=3, routed)           1.573    12.965    CLK_IBUF_BUFG
    SLICE_X40Y34         FDRE                                         r  FSM_sequential_FSM_KEY_LCD_CURRENT_reg[1]/C
                         clock pessimism              0.429    13.394    
                         clock uncertainty           -0.035    13.359    
    SLICE_X40Y34         FDRE (Setup_fdre_C_D)        0.029    13.388    FSM_sequential_FSM_KEY_LCD_CURRENT_reg[1]
  -------------------------------------------------------------------
                         required time                         13.388    
                         arrival time                          -7.162    
  -------------------------------------------------------------------
                         slack                                  6.226    





Min Delay Paths
--------------------------------------------------------------------------------------
Slack (MET) :             0.239ns  (arrival time - required time)
  Source:                 FSM_sequential_FSM_KEY_LCD_CURRENT_reg[0]/C
                            (rising edge-triggered cell FDRE clocked by sys_clk_pin  {rise@0.000ns fall@4.000ns period=8.000ns})
  Destination:            FSM_sequential_FSM_KEY_LCD_CURRENT_reg[0]/D
                            (rising edge-triggered cell FDRE clocked by sys_clk_pin  {rise@0.000ns fall@4.000ns period=8.000ns})
  Path Group:             sys_clk_pin
  Path Type:              Hold (Min at Fast Process Corner)
  Requirement:            0.000ns  (sys_clk_pin rise@0.000ns - sys_clk_pin rise@0.000ns)
  Data Path Delay:        0.331ns  (logic 0.186ns (56.160%)  route 0.145ns (43.840%))
  Logic Levels:           1  (LUT5=1)
  Clock Path Skew:        0.000ns (DCD - SCD - CPR)
    Destination Clock Delay (DCD):    2.016ns
    Source Clock Delay      (SCD):    1.502ns
    Clock Pessimism Removal (CPR):    0.514ns

    Location             Delay type                Incr(ns)  Path(ns)    Netlist Resource(s)
  -------------------------------------------------------------------    -------------------
                         (clock sys_clk_pin rise edge)
                                                      0.000     0.000 r  
    L16                                               0.000     0.000 r  CLK (IN)
                         net (fo=0)                   0.000     0.000    CLK
    L16                  IBUF (Prop_ibuf_I_O)         0.259     0.259 r  CLK_IBUF_inst/O
                         net (fo=1, routed)           0.627     0.886    CLK_IBUF
    BUFGCTRL_X0Y16       BUFG (Prop_bufg_I_O)         0.026     0.912 r  CLK_IBUF_BUFG_inst/O
                         net (fo=3, routed)           0.590     1.502    CLK_IBUF_BUFG
    SLICE_X41Y34         FDRE                                         r  FSM_sequential_FSM_KEY_LCD_CURRENT_reg[0]/C
  -------------------------------------------------------------------    -------------------
    SLICE_X41Y34         FDRE (Prop_fdre_C_Q)         0.141     1.643 r  FSM_sequential_FSM_KEY_LCD_CURRENT_reg[0]/Q
                         net (fo=7, routed)           0.145     1.788    FSM_KEY_LCD_CURRENT[0]
    SLICE_X41Y34         LUT5 (Prop_lut5_I1_O)        0.045     1.833 r  FSM_sequential_FSM_KEY_LCD_CURRENT[0]_i_1/O
                         net (fo=1, routed)           0.000     1.833    FSM_sequential_FSM_KEY_LCD_CURRENT[0]_i_1_n_0
    SLICE_X41Y34         FDRE                                         r  FSM_sequential_FSM_KEY_LCD_CURRENT_reg[0]/D
  -------------------------------------------------------------------    -------------------

                         (clock sys_clk_pin rise edge)
                                                      0.000     0.000 r  
    L16                                               0.000     0.000 r  CLK (IN)
                         net (fo=0)                   0.000     0.000    CLK
    L16                  IBUF (Prop_ibuf_I_O)         0.447     0.447 r  CLK_IBUF_inst/O
                         net (fo=1, routed)           0.683     1.130    CLK_IBUF
    BUFGCTRL_X0Y16       BUFG (Prop_bufg_I_O)         0.029     1.159 r  CLK_IBUF_BUFG_inst/O
                         net (fo=3, routed)           0.857     2.016    CLK_IBUF_BUFG
    SLICE_X41Y34         FDRE                                         r  FSM_sequential_FSM_KEY_LCD_CURRENT_reg[0]/C
                         clock pessimism             -0.514     1.502    
    SLICE_X41Y34         FDRE (Hold_fdre_C_D)         0.092     1.594    FSM_sequential_FSM_KEY_LCD_CURRENT_reg[0]
  -------------------------------------------------------------------
                         required time                         -1.594    
                         arrival time                           1.833    
  -------------------------------------------------------------------
                         slack                                  0.239    

Slack (MET) :             0.275ns  (arrival time - required time)
  Source:                 FSM_sequential_FSM_KEY_LCD_CURRENT_reg[0]/C
                            (rising edge-triggered cell FDRE clocked by sys_clk_pin  {rise@0.000ns fall@4.000ns period=8.000ns})
  Destination:            FSM_sequential_FSM_KEY_LCD_CURRENT_reg[1]/D
                            (rising edge-triggered cell FDRE clocked by sys_clk_pin  {rise@0.000ns fall@4.000ns period=8.000ns})
  Path Group:             sys_clk_pin
  Path Type:              Hold (Min at Fast Process Corner)
  Requirement:            0.000ns  (sys_clk_pin rise@0.000ns - sys_clk_pin rise@0.000ns)
  Data Path Delay:        0.379ns  (logic 0.186ns (49.082%)  route 0.193ns (50.918%))
  Logic Levels:           1  (LUT6=1)
  Clock Path Skew:        0.013ns (DCD - SCD - CPR)
    Destination Clock Delay (DCD):    2.016ns
    Source Clock Delay      (SCD):    1.502ns
    Clock Pessimism Removal (CPR):    0.501ns

    Location             Delay type                Incr(ns)  Path(ns)    Netlist Resource(s)
  -------------------------------------------------------------------    -------------------
                         (clock sys_clk_pin rise edge)
                                                      0.000     0.000 r  
    L16                                               0.000     0.000 r  CLK (IN)
                         net (fo=0)                   0.000     0.000    CLK
    L16                  IBUF (Prop_ibuf_I_O)         0.259     0.259 r  CLK_IBUF_inst/O
                         net (fo=1, routed)           0.627     0.886    CLK_IBUF
    BUFGCTRL_X0Y16       BUFG (Prop_bufg_I_O)         0.026     0.912 r  CLK_IBUF_BUFG_inst/O
                         net (fo=3, routed)           0.590     1.502    CLK_IBUF_BUFG
    SLICE_X41Y34         FDRE                                         r  FSM_sequential_FSM_KEY_LCD_CURRENT_reg[0]/C
  -------------------------------------------------------------------    -------------------
    SLICE_X41Y34         FDRE (Prop_fdre_C_Q)         0.141     1.643 r  FSM_sequential_FSM_KEY_LCD_CURRENT_reg[0]/Q
                         net (fo=7, routed)           0.193     1.836    FSM_KEY_LCD_CURRENT[0]
    SLICE_X40Y34         LUT6 (Prop_lut6_I3_O)        0.045     1.881 r  FSM_sequential_FSM_KEY_LCD_CURRENT[1]_i_1/O
                         net (fo=1, routed)           0.000     1.881    FSM_sequential_FSM_KEY_LCD_CURRENT[1]_i_1_n_0
    SLICE_X40Y34         FDRE                                         r  FSM_sequential_FSM_KEY_LCD_CURRENT_reg[1]/D
  -------------------------------------------------------------------    -------------------

                         (clock sys_clk_pin rise edge)
                                                      0.000     0.000 r  
    L16                                               0.000     0.000 r  CLK (IN)
                         net (fo=0)                   0.000     0.000    CLK
    L16                  IBUF (Prop_ibuf_I_O)         0.447     0.447 r  CLK_IBUF_inst/O
                         net (fo=1, routed)           0.683     1.130    CLK_IBUF
    BUFGCTRL_X0Y16       BUFG (Prop_bufg_I_O)         0.029     1.159 r  CLK_IBUF_BUFG_inst/O
                         net (fo=3, routed)           0.857     2.016    CLK_IBUF_BUFG
    SLICE_X40Y34         FDRE                                         r  FSM_sequential_FSM_KEY_LCD_CURRENT_reg[1]/C
                         clock pessimism             -0.501     1.515    
    SLICE_X40Y34         FDRE (Hold_fdre_C_D)         0.091     1.606    FSM_sequential_FSM_KEY_LCD_CURRENT_reg[1]
  -------------------------------------------------------------------
                         required time                         -1.606    
                         arrival time                           1.881    
  -------------------------------------------------------------------
                         slack                                  0.275    

Slack (MET) :             0.285ns  (arrival time - required time)
  Source:                 FSM_sequential_FSM_KEY_LCD_CURRENT_reg[1]/C
                            (rising edge-triggered cell FDRE clocked by sys_clk_pin  {rise@0.000ns fall@4.000ns period=8.000ns})
  Destination:            FSM_sequential_FSM_KEY_LCD_CURRENT_reg[2]/D
                            (rising edge-triggered cell FDRE clocked by sys_clk_pin  {rise@0.000ns fall@4.000ns period=8.000ns})
  Path Group:             sys_clk_pin
  Path Type:              Hold (Min at Fast Process Corner)
  Requirement:            0.000ns  (sys_clk_pin rise@0.000ns - sys_clk_pin rise@0.000ns)
  Data Path Delay:        0.419ns  (logic 0.186ns (44.378%)  route 0.233ns (55.622%))
  Logic Levels:           1  (LUT6=1)
  Clock Path Skew:        0.014ns (DCD - SCD - CPR)
    Destination Clock Delay (DCD):    2.016ns
    Source Clock Delay      (SCD):    1.502ns
    Clock Pessimism Removal (CPR):    0.500ns

    Location             Delay type                Incr(ns)  Path(ns)    Netlist Resource(s)
  -------------------------------------------------------------------    -------------------
                         (clock sys_clk_pin rise edge)
                                                      0.000     0.000 r  
    L16                                               0.000     0.000 r  CLK (IN)
                         net (fo=0)                   0.000     0.000    CLK
    L16                  IBUF (Prop_ibuf_I_O)         0.259     0.259 r  CLK_IBUF_inst/O
                         net (fo=1, routed)           0.627     0.886    CLK_IBUF
    BUFGCTRL_X0Y16       BUFG (Prop_bufg_I_O)         0.026     0.912 r  CLK_IBUF_BUFG_inst/O
                         net (fo=3, routed)           0.590     1.502    CLK_IBUF_BUFG
    SLICE_X40Y34         FDRE                                         r  FSM_sequential_FSM_KEY_LCD_CURRENT_reg[1]/C
  -------------------------------------------------------------------    -------------------
    SLICE_X40Y34         FDRE (Prop_fdre_C_Q)         0.141     1.643 r  FSM_sequential_FSM_KEY_LCD_CURRENT_reg[1]/Q
                         net (fo=9, routed)           0.233     1.876    FSM_KEY_LCD_CURRENT[1]
    SLICE_X42Y34         LUT6 (Prop_lut6_I1_O)        0.045     1.921 r  FSM_sequential_FSM_KEY_LCD_CURRENT[2]_i_1/O
                         net (fo=1, routed)           0.000     1.921    FSM_sequential_FSM_KEY_LCD_CURRENT[2]_i_1_n_0
    SLICE_X42Y34         FDRE                                         r  FSM_sequential_FSM_KEY_LCD_CURRENT_reg[2]/D
  -------------------------------------------------------------------    -------------------

                         (clock sys_clk_pin rise edge)
                                                      0.000     0.000 r  
    L16                                               0.000     0.000 r  CLK (IN)
                         net (fo=0)                   0.000     0.000    CLK
    L16                  IBUF (Prop_ibuf_I_O)         0.447     0.447 r  CLK_IBUF_inst/O
                         net (fo=1, routed)           0.683     1.130    CLK_IBUF
    BUFGCTRL_X0Y16       BUFG (Prop_bufg_I_O)         0.029     1.159 r  CLK_IBUF_BUFG_inst/O
                         net (fo=3, routed)           0.857     2.016    CLK_IBUF_BUFG
    SLICE_X42Y34         FDRE                                         r  FSM_sequential_FSM_KEY_LCD_CURRENT_reg[2]/C
                         clock pessimism             -0.500     1.516    
    SLICE_X42Y34         FDRE (Hold_fdre_C_D)         0.120     1.636    FSM_sequential_FSM_KEY_LCD_CURRENT_reg[2]
  -------------------------------------------------------------------
                         required time                         -1.636    
                         arrival time                           1.921    
  -------------------------------------------------------------------
                         slack                                  0.285    





Pulse Width Checks
--------------------------------------------------------------------------------------
Clock Name:         sys_clk_pin
Waveform(ns):       { 0.000 4.000 }
Period(ns):         8.000
Sources:            { CLK }

Check Type        Corner  Lib Pin  Reference Pin  Required(ns)  Actual(ns)  Slack(ns)  Location        Pin
Min Period        n/a     BUFG/I   n/a            2.155         8.000       5.845      BUFGCTRL_X0Y16  CLK_IBUF_BUFG_inst/I
Min Period        n/a     FDRE/C   n/a            1.000         8.000       7.000      SLICE_X41Y34    FSM_sequential_FSM_KEY_LCD_CURRENT_reg[0]/C
Min Period        n/a     FDRE/C   n/a            1.000         8.000       7.000      SLICE_X40Y34    FSM_sequential_FSM_KEY_LCD_CURRENT_reg[1]/C
Min Period        n/a     FDRE/C   n/a            1.000         8.000       7.000      SLICE_X42Y34    FSM_sequential_FSM_KEY_LCD_CURRENT_reg[2]/C
Low Pulse Width   Slow    FDRE/C   n/a            0.500         4.000       3.500      SLICE_X41Y34    FSM_sequential_FSM_KEY_LCD_CURRENT_reg[0]/C
Low Pulse Width   Fast    FDRE/C   n/a            0.500         4.000       3.500      SLICE_X41Y34    FSM_sequential_FSM_KEY_LCD_CURRENT_reg[0]/C
Low Pulse Width   Slow    FDRE/C   n/a            0.500         4.000       3.500      SLICE_X40Y34    FSM_sequential_FSM_KEY_LCD_CURRENT_reg[1]/C
Low Pulse Width   Fast    FDRE/C   n/a            0.500         4.000       3.500      SLICE_X40Y34    FSM_sequential_FSM_KEY_LCD_CURRENT_reg[1]/C
Low Pulse Width   Slow    FDRE/C   n/a            0.500         4.000       3.500      SLICE_X42Y34    FSM_sequential_FSM_KEY_LCD_CURRENT_reg[2]/C
Low Pulse Width   Fast    FDRE/C   n/a            0.500         4.000       3.500      SLICE_X42Y34    FSM_sequential_FSM_KEY_LCD_CURRENT_reg[2]/C
High Pulse Width  Fast    FDRE/C   n/a            0.500         4.000       3.500      SLICE_X41Y34    FSM_sequential_FSM_KEY_LCD_CURRENT_reg[0]/C
High Pulse Width  Fast    FDRE/C   n/a            0.500         4.000       3.500      SLICE_X40Y34    FSM_sequential_FSM_KEY_LCD_CURRENT_reg[1]/C
High Pulse Width  Fast    FDRE/C   n/a            0.500         4.000       3.500      SLICE_X42Y34    FSM_sequential_FSM_KEY_LCD_CURRENT_reg[2]/C
High Pulse Width  Slow    FDRE/C   n/a            0.500         4.000       3.500      SLICE_X41Y34    FSM_sequential_FSM_KEY_LCD_CURRENT_reg[0]/C
High Pulse Width  Slow    FDRE/C   n/a            0.500         4.000       3.500      SLICE_X40Y34    FSM_sequential_FSM_KEY_LCD_CURRENT_reg[1]/C
High Pulse Width  Slow    FDRE/C   n/a            0.500         4.000       3.500      SLICE_X42Y34    FSM_sequential_FSM_KEY_LCD_CURRENT_reg[2]/C



